

Started GET "/ptast" for 127.0.0.1 at 2012-10-12 16:27:48 -0700
Connecting to database specified by database.yml

ActionController::RoutingError (No route matches [GET] "/ptast"):
  actionpack (3.2.7) lib/action_dispatch/middleware/debug_exceptions.rb:21:in `call'
  actionpack (3.2.7) lib/action_dispatch/middleware/show_exceptions.rb:56:in `call'
  railties (3.2.7) lib/rails/rack/logger.rb:26:in `call_app'
  railties (3.2.7) lib/rails/rack/logger.rb:16:in `call'
  actionpack (3.2.7) lib/action_dispatch/middleware/request_id.rb:22:in `call'
  rack (1.4.1) lib/rack/methodoverride.rb:21:in `call'
  rack (1.4.1) lib/rack/runtime.rb:17:in `call'
  activesupport (3.2.7) lib/active_support/cache/strategy/local_cache.rb:72:in `call'
  rack (1.4.1) lib/rack/lock.rb:15:in `call'
  actionpack (3.2.7) lib/action_dispatch/middleware/static.rb:62:in `call'
  railties (3.2.7) lib/rails/engine.rb:479:in `call'
  railties (3.2.7) lib/rails/application.rb:220:in `call'
  rack (1.4.1) lib/rack/content_length.rb:14:in `call'
  railties (3.2.7) lib/rails/rack/log_tailer.rb:17:in `call'
  rack (1.4.1) lib/rack/handler/webrick.rb:59:in `service'
  /usr/local/lib/ruby/1.9.1/webrick/httpserver.rb:111:in `service'
  /usr/local/lib/ruby/1.9.1/webrick/httpserver.rb:70:in `run'
  /usr/local/lib/ruby/1.9.1/webrick/server.rb:183:in `block in start_thread'


  Rendered /usr/local/lib/ruby/gems/1.9.1/gems/actionpack-3.2.7/lib/action_dispatch/middleware/templates/rescues/routing_error.erb within rescues/layout (20.7ms)


Started GET "/assets/rails.png" for 127.0.0.1 at 2012-10-12 16:28:31 -0700
Connecting to database specified by database.yml
Served asset /rails.png - 200 OK (34ms)


Started GET "/ptast" for 127.0.0.1 at 2012-10-12 16:31:33 -0700
Connecting to database specified by database.yml

ActionController::RoutingError (No route matches [GET] "/ptast"):
  actionpack (3.2.7) lib/action_dispatch/middleware/debug_exceptions.rb:21:in `call'
  actionpack (3.2.7) lib/action_dispatch/middleware/show_exceptions.rb:56:in `call'
  railties (3.2.7) lib/rails/rack/logger.rb:26:in `call_app'
  railties (3.2.7) lib/rails/rack/logger.rb:16:in `call'
  actionpack (3.2.7) lib/action_dispatch/middleware/request_id.rb:22:in `call'
  rack (1.4.1) lib/rack/methodoverride.rb:21:in `call'
  rack (1.4.1) lib/rack/runtime.rb:17:in `call'
  activesupport (3.2.7) lib/active_support/cache/strategy/local_cache.rb:72:in `call'
  rack (1.4.1) lib/rack/lock.rb:15:in `call'
  actionpack (3.2.7) lib/action_dispatch/middleware/static.rb:62:in `call'
  railties (3.2.7) lib/rails/engine.rb:479:in `call'
  railties (3.2.7) lib/rails/application.rb:220:in `call'
  rack (1.4.1) lib/rack/content_length.rb:14:in `call'
  railties (3.2.7) lib/rails/rack/log_tailer.rb:17:in `call'
  rack (1.4.1) lib/rack/handler/webrick.rb:59:in `service'
  /usr/local/lib/ruby/1.9.1/webrick/httpserver.rb:111:in `service'
  /usr/local/lib/ruby/1.9.1/webrick/httpserver.rb:70:in `run'
  /usr/local/lib/ruby/1.9.1/webrick/server.rb:183:in `block in start_thread'


  Rendered /usr/local/lib/ruby/gems/1.9.1/gems/actionpack-3.2.7/lib/action_dispatch/middleware/templates/rescues/routing_error.erb within rescues/layout (11.1ms)


Started GET "/assets/rails.png" for 127.0.0.1 at 2012-10-12 16:31:36 -0700
Served asset /rails.png - 304 Not Modified (3ms)


Started GET "/assets/rails.png" for 127.0.0.1 at 2012-10-12 18:20:15 -0700
Connecting to database specified by database.yml
Served asset /rails.png - 304 Not Modified (45ms)


Started GET "/assets/rails.png" for 127.0.0.1 at 2012-10-12 18:20:23 -0700
Served asset /rails.png - 304 Not Modified (0ms)


Started GET "/assets/rails.png" for 127.0.0.1 at 2012-10-12 18:21:54 -0700
Connecting to database specified by database.yml
Served asset /rails.png - 304 Not Modified (5ms)


Started GET "/" for 127.0.0.1 at 2012-10-12 18:22:24 -0700

ActionController::RoutingError (uninitialized constant LoginsController):
  activesupport (3.2.7) lib/active_support/inflector/methods.rb:230:in `block in constantize'
  activesupport (3.2.7) lib/active_support/inflector/methods.rb:229:in `each'
  activesupport (3.2.7) lib/active_support/inflector/methods.rb:229:in `constantize'
  actionpack (3.2.7) lib/action_dispatch/routing/route_set.rb:69:in `controller_reference'
  actionpack (3.2.7) lib/action_dispatch/routing/route_set.rb:54:in `controller'
  actionpack (3.2.7) lib/action_dispatch/routing/route_set.rb:32:in `call'
  journey (1.0.4) lib/journey/router.rb:68:in `block in call'
  journey (1.0.4) lib/journey/router.rb:56:in `each'
  journey (1.0.4) lib/journey/router.rb:56:in `call'
  actionpack (3.2.7) lib/action_dispatch/routing/route_set.rb:600:in `call'
  actionpack (3.2.7) lib/action_dispatch/middleware/best_standards_support.rb:17:in `call'
  rack (1.4.1) lib/rack/etag.rb:23:in `call'
  rack (1.4.1) lib/rack/conditionalget.rb:25:in `call'
  actionpack (3.2.7) lib/action_dispatch/middleware/head.rb:14:in `call'
  actionpack (3.2.7) lib/action_dispatch/middleware/params_parser.rb:21:in `call'
  actionpack (3.2.7) lib/action_dispatch/middleware/flash.rb:242:in `call'
  rack (1.4.1) lib/rack/session/abstract/id.rb:205:in `context'
  rack (1.4.1) lib/rack/session/abstract/id.rb:200:in `call'
  actionpack (3.2.7) lib/action_dispatch/middleware/cookies.rb:338:in `call'
  activerecord (3.2.7) lib/active_record/query_cache.rb:64:in `call'
  activerecord (3.2.7) lib/active_record/connection_adapters/abstract/connection_pool.rb:473:in `call'
  actionpack (3.2.7) lib/action_dispatch/middleware/callbacks.rb:28:in `block in call'
  activesupport (3.2.7) lib/active_support/callbacks.rb:405:in `_run__93356012__call__251217936__callbacks'
  activesupport (3.2.7) lib/active_support/callbacks.rb:405:in `__run_callback'
  activesupport (3.2.7) lib/active_support/callbacks.rb:385:in `_run_call_callbacks'
  activesupport (3.2.7) lib/active_support/callbacks.rb:81:in `run_callbacks'
  actionpack (3.2.7) lib/action_dispatch/middleware/callbacks.rb:27:in `call'
  actionpack (3.2.7) lib/action_dispatch/middleware/reloader.rb:65:in `call'
  actionpack (3.2.7) lib/action_dispatch/middleware/remote_ip.rb:31:in `call'
  actionpack (3.2.7) lib/action_dispatch/middleware/debug_exceptions.rb:16:in `call'
  actionpack (3.2.7) lib/action_dispatch/middleware/show_exceptions.rb:56:in `call'
  railties (3.2.7) lib/rails/rack/logger.rb:26:in `call_app'
  railties (3.2.7) lib/rails/rack/logger.rb:16:in `call'
  actionpack (3.2.7) lib/action_dispatch/middleware/request_id.rb:22:in `call'
  rack (1.4.1) lib/rack/methodoverride.rb:21:in `call'
  rack (1.4.1) lib/rack/runtime.rb:17:in `call'
  activesupport (3.2.7) lib/active_support/cache/strategy/local_cache.rb:72:in `call'
  rack (1.4.1) lib/rack/lock.rb:15:in `call'
  actionpack (3.2.7) lib/action_dispatch/middleware/static.rb:62:in `call'
  railties (3.2.7) lib/rails/engine.rb:479:in `call'
  railties (3.2.7) lib/rails/application.rb:220:in `call'
  rack (1.4.1) lib/rack/content_length.rb:14:in `call'
  railties (3.2.7) lib/rails/rack/log_tailer.rb:17:in `call'
  rack (1.4.1) lib/rack/handler/webrick.rb:59:in `service'
  /usr/local/lib/ruby/1.9.1/webrick/httpserver.rb:111:in `service'
  /usr/local/lib/ruby/1.9.1/webrick/httpserver.rb:70:in `run'
  /usr/local/lib/ruby/1.9.1/webrick/server.rb:183:in `block in start_thread'


  Rendered /usr/local/lib/ruby/gems/1.9.1/gems/actionpack-3.2.7/lib/action_dispatch/middleware/templates/rescues/routing_error.erb within rescues/layout (31.6ms)


Started GET "/" for 127.0.0.1 at 2012-10-12 18:27:26 -0700
Connecting to database specified by database.yml

LoadError (Expected /home/ubuntu/CS169/project/cs169-group29/app/controllers/logins_controller.rb to define LoginsController):
  activesupport (3.2.7) lib/active_support/dependencies.rb:503:in `load_missing_constant'
  activesupport (3.2.7) lib/active_support/dependencies.rb:192:in `block in const_missing'
  activesupport (3.2.7) lib/active_support/dependencies.rb:190:in `each'
  activesupport (3.2.7) lib/active_support/dependencies.rb:190:in `const_missing'
  activesupport (3.2.7) lib/active_support/inflector/methods.rb:230:in `block in constantize'
  activesupport (3.2.7) lib/active_support/inflector/methods.rb:229:in `each'
  activesupport (3.2.7) lib/active_support/inflector/methods.rb:229:in `constantize'
  activesupport (3.2.7) lib/active_support/dependencies.rb:554:in `get'
  actionpack (3.2.7) lib/action_dispatch/routing/route_set.rb:69:in `controller_reference'
  actionpack (3.2.7) lib/action_dispatch/routing/route_set.rb:54:in `controller'
  actionpack (3.2.7) lib/action_dispatch/routing/route_set.rb:32:in `call'
  journey (1.0.4) lib/journey/router.rb:68:in `block in call'
  journey (1.0.4) lib/journey/router.rb:56:in `each'
  journey (1.0.4) lib/journey/router.rb:56:in `call'
  actionpack (3.2.7) lib/action_dispatch/routing/route_set.rb:600:in `call'
  actionpack (3.2.7) lib/action_dispatch/middleware/best_standards_support.rb:17:in `call'
  rack (1.4.1) lib/rack/etag.rb:23:in `call'
  rack (1.4.1) lib/rack/conditionalget.rb:25:in `call'
  actionpack (3.2.7) lib/action_dispatch/middleware/head.rb:14:in `call'
  actionpack (3.2.7) lib/action_dispatch/middleware/params_parser.rb:21:in `call'
  actionpack (3.2.7) lib/action_dispatch/middleware/flash.rb:242:in `call'
  rack (1.4.1) lib/rack/session/abstract/id.rb:205:in `context'
  rack (1.4.1) lib/rack/session/abstract/id.rb:200:in `call'
  actionpack (3.2.7) lib/action_dispatch/middleware/cookies.rb:338:in `call'
  activerecord (3.2.7) lib/active_record/query_cache.rb:64:in `call'
  activerecord (3.2.7) lib/active_record/connection_adapters/abstract/connection_pool.rb:473:in `call'
  actionpack (3.2.7) lib/action_dispatch/middleware/callbacks.rb:28:in `block in call'
  activesupport (3.2.7) lib/active_support/callbacks.rb:405:in `_run__383999512__call__596529459__callbacks'
  activesupport (3.2.7) lib/active_support/callbacks.rb:405:in `__run_callback'
  activesupport (3.2.7) lib/active_support/callbacks.rb:385:in `_run_call_callbacks'
  activesupport (3.2.7) lib/active_support/callbacks.rb:81:in `run_callbacks'
  actionpack (3.2.7) lib/action_dispatch/middleware/callbacks.rb:27:in `call'
  actionpack (3.2.7) lib/action_dispatch/middleware/reloader.rb:65:in `call'
  actionpack (3.2.7) lib/action_dispatch/middleware/remote_ip.rb:31:in `call'
  actionpack (3.2.7) lib/action_dispatch/middleware/debug_exceptions.rb:16:in `call'
  actionpack (3.2.7) lib/action_dispatch/middleware/show_exceptions.rb:56:in `call'
  railties (3.2.7) lib/rails/rack/logger.rb:26:in `call_app'
  railties (3.2.7) lib/rails/rack/logger.rb:16:in `call'
  actionpack (3.2.7) lib/action_dispatch/middleware/request_id.rb:22:in `call'
  rack (1.4.1) lib/rack/methodoverride.rb:21:in `call'
  rack (1.4.1) lib/rack/runtime.rb:17:in `call'
  activesupport (3.2.7) lib/active_support/cache/strategy/local_cache.rb:72:in `call'
  rack (1.4.1) lib/rack/lock.rb:15:in `call'
  actionpack (3.2.7) lib/action_dispatch/middleware/static.rb:62:in `call'
  railties (3.2.7) lib/rails/engine.rb:479:in `call'
  railties (3.2.7) lib/rails/application.rb:220:in `call'
  rack (1.4.1) lib/rack/content_length.rb:14:in `call'
  railties (3.2.7) lib/rails/rack/log_tailer.rb:17:in `call'
  rack (1.4.1) lib/rack/handler/webrick.rb:59:in `service'
  /usr/local/lib/ruby/1.9.1/webrick/httpserver.rb:111:in `service'
  /usr/local/lib/ruby/1.9.1/webrick/httpserver.rb:70:in `run'
  /usr/local/lib/ruby/1.9.1/webrick/server.rb:183:in `block in start_thread'


  Rendered /usr/local/lib/ruby/gems/1.9.1/gems/actionpack-3.2.7/lib/action_dispatch/middleware/templates/rescues/_trace.erb (2.8ms)
  Rendered /usr/local/lib/ruby/gems/1.9.1/gems/actionpack-3.2.7/lib/action_dispatch/middleware/templates/rescues/_request_and_response.erb (15.6ms)
  Rendered /usr/local/lib/ruby/gems/1.9.1/gems/actionpack-3.2.7/lib/action_dispatch/middleware/templates/rescues/diagnostics.erb within rescues/layout (59.0ms)


Started GET "/" for 127.0.0.1 at 2012-10-12 18:27:31 -0700

LoadError (Expected /home/ubuntu/CS169/project/cs169-group29/app/controllers/logins_controller.rb to define LoginsController):
  activesupport (3.2.7) lib/active_support/dependencies.rb:503:in `load_missing_constant'
  activesupport (3.2.7) lib/active_support/dependencies.rb:192:in `block in const_missing'
  activesupport (3.2.7) lib/active_support/dependencies.rb:190:in `each'
  activesupport (3.2.7) lib/active_support/dependencies.rb:190:in `const_missing'
  activesupport (3.2.7) lib/active_support/inflector/methods.rb:230:in `block in constantize'
  activesupport (3.2.7) lib/active_support/inflector/methods.rb:229:in `each'
  activesupport (3.2.7) lib/active_support/inflector/methods.rb:229:in `constantize'
  activesupport (3.2.7) lib/active_support/dependencies.rb:554:in `get'
  actionpack (3.2.7) lib/action_dispatch/routing/route_set.rb:69:in `controller_reference'
  actionpack (3.2.7) lib/action_dispatch/routing/route_set.rb:54:in `controller'
  actionpack (3.2.7) lib/action_dispatch/routing/route_set.rb:32:in `call'
  journey (1.0.4) lib/journey/router.rb:68:in `block in call'
  journey (1.0.4) lib/journey/router.rb:56:in `each'
  journey (1.0.4) lib/journey/router.rb:56:in `call'
  actionpack (3.2.7) lib/action_dispatch/routing/route_set.rb:600:in `call'
  actionpack (3.2.7) lib/action_dispatch/middleware/best_standards_support.rb:17:in `call'
  rack (1.4.1) lib/rack/etag.rb:23:in `call'
  rack (1.4.1) lib/rack/conditionalget.rb:25:in `call'
  actionpack (3.2.7) lib/action_dispatch/middleware/head.rb:14:in `call'
  actionpack (3.2.7) lib/action_dispatch/middleware/params_parser.rb:21:in `call'
  actionpack (3.2.7) lib/action_dispatch/middleware/flash.rb:242:in `call'
  rack (1.4.1) lib/rack/session/abstract/id.rb:205:in `context'
  rack (1.4.1) lib/rack/session/abstract/id.rb:200:in `call'
  actionpack (3.2.7) lib/action_dispatch/middleware/cookies.rb:338:in `call'
  activerecord (3.2.7) lib/active_record/query_cache.rb:64:in `call'
  activerecord (3.2.7) lib/active_record/connection_adapters/abstract/connection_pool.rb:473:in `call'
  actionpack (3.2.7) lib/action_dispatch/middleware/callbacks.rb:28:in `block in call'
  activesupport (3.2.7) lib/active_support/callbacks.rb:405:in `_run__383999512__call__596529459__callbacks'
  activesupport (3.2.7) lib/active_support/callbacks.rb:405:in `__run_callback'
  activesupport (3.2.7) lib/active_support/callbacks.rb:385:in `_run_call_callbacks'
  activesupport (3.2.7) lib/active_support/callbacks.rb:81:in `run_callbacks'
  actionpack (3.2.7) lib/action_dispatch/middleware/callbacks.rb:27:in `call'
  actionpack (3.2.7) lib/action_dispatch/middleware/reloader.rb:65:in `call'
  actionpack (3.2.7) lib/action_dispatch/middleware/remote_ip.rb:31:in `call'
  actionpack (3.2.7) lib/action_dispatch/middleware/debug_exceptions.rb:16:in `call'
  actionpack (3.2.7) lib/action_dispatch/middleware/show_exceptions.rb:56:in `call'
  railties (3.2.7) lib/rails/rack/logger.rb:26:in `call_app'
  railties (3.2.7) lib/rails/rack/logger.rb:16:in `call'
  actionpack (3.2.7) lib/action_dispatch/middleware/request_id.rb:22:in `call'
  rack (1.4.1) lib/rack/methodoverride.rb:21:in `call'
  rack (1.4.1) lib/rack/runtime.rb:17:in `call'
  activesupport (3.2.7) lib/active_support/cache/strategy/local_cache.rb:72:in `call'
  rack (1.4.1) lib/rack/lock.rb:15:in `call'
  actionpack (3.2.7) lib/action_dispatch/middleware/static.rb:62:in `call'
  railties (3.2.7) lib/rails/engine.rb:479:in `call'
  railties (3.2.7) lib/rails/application.rb:220:in `call'
  rack (1.4.1) lib/rack/content_length.rb:14:in `call'
  railties (3.2.7) lib/rails/rack/log_tailer.rb:17:in `call'
  rack (1.4.1) lib/rack/handler/webrick.rb:59:in `service'
  /usr/local/lib/ruby/1.9.1/webrick/httpserver.rb:111:in `service'
  /usr/local/lib/ruby/1.9.1/webrick/httpserver.rb:70:in `run'
  /usr/local/lib/ruby/1.9.1/webrick/server.rb:183:in `block in start_thread'


  Rendered /usr/local/lib/ruby/gems/1.9.1/gems/actionpack-3.2.7/lib/action_dispatch/middleware/templates/rescues/_trace.erb (2.2ms)
  Rendered /usr/local/lib/ruby/gems/1.9.1/gems/actionpack-3.2.7/lib/action_dispatch/middleware/templates/rescues/_request_and_response.erb (0.9ms)
  Rendered /usr/local/lib/ruby/gems/1.9.1/gems/actionpack-3.2.7/lib/action_dispatch/middleware/templates/rescues/diagnostics.erb within rescues/layout (17.0ms)


Started GET "/" for 127.0.0.1 at 2012-10-12 18:28:06 -0700
Processing by LoginsController#index as HTML
Completed 500 Internal Server Error in 102ms

ActionView::MissingTemplate (Missing template logins/index with {:locale=>[:en], :formats=>[:html], :handlers=>[:erb, :builder, :coffee]}. Searched in:
  * "/home/ubuntu/CS169/project/cs169-group29/app/views"
):
  actionpack (3.2.7) lib/action_view/path_set.rb:58:in `find'
  actionpack (3.2.7) lib/action_view/lookup_context.rb:109:in `find'
  actionpack (3.2.7) lib/action_view/renderer/abstract_renderer.rb:3:in `find_template'
  actionpack (3.2.7) lib/action_view/renderer/template_renderer.rb:34:in `determine_template'
  actionpack (3.2.7) lib/action_view/renderer/template_renderer.rb:10:in `render'
  actionpack (3.2.7) lib/action_view/renderer/renderer.rb:36:in `render_template'
  actionpack (3.2.7) lib/action_view/renderer/renderer.rb:17:in `render'
  actionpack (3.2.7) lib/abstract_controller/rendering.rb:110:in `_render_template'
  actionpack (3.2.7) lib/action_controller/metal/streaming.rb:225:in `_render_template'
  actionpack (3.2.7) lib/abstract_controller/rendering.rb:103:in `render_to_body'
  actionpack (3.2.7) lib/action_controller/metal/renderers.rb:28:in `render_to_body'
  actionpack (3.2.7) lib/action_controller/metal/compatibility.rb:50:in `render_to_body'
  actionpack (3.2.7) lib/abstract_controller/rendering.rb:88:in `render'
  actionpack (3.2.7) lib/action_controller/metal/rendering.rb:16:in `render'
  actionpack (3.2.7) lib/action_controller/metal/instrumentation.rb:40:in `block (2 levels) in render'
  activesupport (3.2.7) lib/active_support/core_ext/benchmark.rb:5:in `block in ms'
  /usr/local/lib/ruby/1.9.1/benchmark.rb:310:in `realtime'
  activesupport (3.2.7) lib/active_support/core_ext/benchmark.rb:5:in `ms'
  actionpack (3.2.7) lib/action_controller/metal/instrumentation.rb:40:in `block in render'
  actionpack (3.2.7) lib/action_controller/metal/instrumentation.rb:83:in `cleanup_view_runtime'
  activerecord (3.2.7) lib/active_record/railties/controller_runtime.rb:24:in `cleanup_view_runtime'
  actionpack (3.2.7) lib/action_controller/metal/instrumentation.rb:39:in `render'
  actionpack (3.2.7) lib/action_controller/metal/implicit_render.rb:10:in `default_render'
  actionpack (3.2.7) lib/action_controller/metal/implicit_render.rb:5:in `send_action'
  actionpack (3.2.7) lib/abstract_controller/base.rb:167:in `process_action'
  actionpack (3.2.7) lib/action_controller/metal/rendering.rb:10:in `process_action'
  actionpack (3.2.7) lib/abstract_controller/callbacks.rb:18:in `block in process_action'
  activesupport (3.2.7) lib/active_support/callbacks.rb:414:in `_run__512711851__process_action__289609326__callbacks'
  activesupport (3.2.7) lib/active_support/callbacks.rb:405:in `__run_callback'
  activesupport (3.2.7) lib/active_support/callbacks.rb:385:in `_run_process_action_callbacks'
  activesupport (3.2.7) lib/active_support/callbacks.rb:81:in `run_callbacks'
  actionpack (3.2.7) lib/abstract_controller/callbacks.rb:17:in `process_action'
  actionpack (3.2.7) lib/action_controller/metal/rescue.rb:29:in `process_action'
  actionpack (3.2.7) lib/action_controller/metal/instrumentation.rb:30:in `block in process_action'
  activesupport (3.2.7) lib/active_support/notifications.rb:123:in `block in instrument'
  activesupport (3.2.7) lib/active_support/notifications/instrumenter.rb:20:in `instrument'
  activesupport (3.2.7) lib/active_support/notifications.rb:123:in `instrument'
  actionpack (3.2.7) lib/action_controller/metal/instrumentation.rb:29:in `process_action'
  actionpack (3.2.7) lib/action_controller/metal/params_wrapper.rb:207:in `process_action'
  activerecord (3.2.7) lib/active_record/railties/controller_runtime.rb:18:in `process_action'
  actionpack (3.2.7) lib/abstract_controller/base.rb:121:in `process'
  actionpack (3.2.7) lib/abstract_controller/rendering.rb:45:in `process'
  actionpack (3.2.7) lib/action_controller/metal.rb:203:in `dispatch'
  actionpack (3.2.7) lib/action_controller/metal/rack_delegation.rb:14:in `dispatch'
  actionpack (3.2.7) lib/action_controller/metal.rb:246:in `block in action'
  actionpack (3.2.7) lib/action_dispatch/routing/route_set.rb:73:in `call'
  actionpack (3.2.7) lib/action_dispatch/routing/route_set.rb:73:in `dispatch'
  actionpack (3.2.7) lib/action_dispatch/routing/route_set.rb:36:in `call'
  journey (1.0.4) lib/journey/router.rb:68:in `block in call'
  journey (1.0.4) lib/journey/router.rb:56:in `each'
  journey (1.0.4) lib/journey/router.rb:56:in `call'
  actionpack (3.2.7) lib/action_dispatch/routing/route_set.rb:600:in `call'
  actionpack (3.2.7) lib/action_dispatch/middleware/best_standards_support.rb:17:in `call'
  rack (1.4.1) lib/rack/etag.rb:23:in `call'
  rack (1.4.1) lib/rack/conditionalget.rb:25:in `call'
  actionpack (3.2.7) lib/action_dispatch/middleware/head.rb:14:in `call'
  actionpack (3.2.7) lib/action_dispatch/middleware/params_parser.rb:21:in `call'
  actionpack (3.2.7) lib/action_dispatch/middleware/flash.rb:242:in `call'
  rack (1.4.1) lib/rack/session/abstract/id.rb:205:in `context'
  rack (1.4.1) lib/rack/session/abstract/id.rb:200:in `call'
  actionpack (3.2.7) lib/action_dispatch/middleware/cookies.rb:338:in `call'
  activerecord (3.2.7) lib/active_record/query_cache.rb:64:in `call'
  activerecord (3.2.7) lib/active_record/connection_adapters/abstract/connection_pool.rb:473:in `call'
  actionpack (3.2.7) lib/action_dispatch/middleware/callbacks.rb:28:in `block in call'
  activesupport (3.2.7) lib/active_support/callbacks.rb:405:in `_run__383999512__call__596529459__callbacks'
  activesupport (3.2.7) lib/active_support/callbacks.rb:405:in `__run_callback'
  activesupport (3.2.7) lib/active_support/callbacks.rb:385:in `_run_call_callbacks'
  activesupport (3.2.7) lib/active_support/callbacks.rb:81:in `run_callbacks'
  actionpack (3.2.7) lib/action_dispatch/middleware/callbacks.rb:27:in `call'
  actionpack (3.2.7) lib/action_dispatch/middleware/reloader.rb:65:in `call'
  actionpack (3.2.7) lib/action_dispatch/middleware/remote_ip.rb:31:in `call'
  actionpack (3.2.7) lib/action_dispatch/middleware/debug_exceptions.rb:16:in `call'
  actionpack (3.2.7) lib/action_dispatch/middleware/show_exceptions.rb:56:in `call'
  railties (3.2.7) lib/rails/rack/logger.rb:26:in `call_app'
  railties (3.2.7) lib/rails/rack/logger.rb:16:in `call'
  actionpack (3.2.7) lib/action_dispatch/middleware/request_id.rb:22:in `call'
  rack (1.4.1) lib/rack/methodoverride.rb:21:in `call'
  rack (1.4.1) lib/rack/runtime.rb:17:in `call'
  activesupport (3.2.7) lib/active_support/cache/strategy/local_cache.rb:72:in `call'
  rack (1.4.1) lib/rack/lock.rb:15:in `call'
  actionpack (3.2.7) lib/action_dispatch/middleware/static.rb:62:in `call'
  railties (3.2.7) lib/rails/engine.rb:479:in `call'
  railties (3.2.7) lib/rails/application.rb:220:in `call'
  rack (1.4.1) lib/rack/content_length.rb:14:in `call'
  railties (3.2.7) lib/rails/rack/log_tailer.rb:17:in `call'
  rack (1.4.1) lib/rack/handler/webrick.rb:59:in `service'
  /usr/local/lib/ruby/1.9.1/webrick/httpserver.rb:111:in `service'
  /usr/local/lib/ruby/1.9.1/webrick/httpserver.rb:70:in `run'
  /usr/local/lib/ruby/1.9.1/webrick/server.rb:183:in `block in start_thread'


  Rendered /usr/local/lib/ruby/gems/1.9.1/gems/actionpack-3.2.7/lib/action_dispatch/middleware/templates/rescues/missing_template.erb within rescues/layout (0.3ms)


Started GET "/" for 127.0.0.1 at 2012-10-12 18:29:27 -0700
Processing by LoginsController#index as HTML
  Rendered logins/index.html.erb (0.4ms)
Completed 200 OK in 1ms (Views: 1.2ms | ActiveRecord: 0.0ms)
